<?xml version="1.0" encoding="UTF-8"?>
<!-- Generated by org.testng.reporters.JUnitXMLReporter -->
<testsuite ignored="0" hostname="INLEN8520065665" failures="2" tests="2" name="Default test" time="10.993" errors="0" timestamp="2024-09-18T15:17:34 IST">
  <testcase classname="io.cucumber.testng.AbstractTestNGCucumberTests" name="runScenario" time="10.575">
    <failure type="java.lang.NullPointerException" message="Cannot invoke &amp;quot;org.openqa.selenium.WebDriver.findElement(org.openqa.selenium.By)&amp;quot; because &amp;quot;this.driver&amp;quot; is null">
      <![CDATA[java.lang.NullPointerException: Cannot invoke "org.openqa.selenium.WebDriver.findElement(org.openqa.selenium.By)" because "this.driver" is null
at Pageobjects.Offerspage.searchItem(Offerspage.java:22)
at StepDefinition.OffersPage_Stepdefinition.user_serached_for_shotname_in_offers_page(OffersPage_Stepdefinition.java:35)
at ✽.User serached for Beet shotname in offers page(file:///C:/Users/BHARGL/eclipse-workspace/GREENKART_using_Cucumber/src/test/java/Features/searchProduct.feature:7)
]]>
    </failure>
  </testcase> <!-- runScenario -->
  <testcase classname="io.cucumber.testng.AbstractTestNGCucumberTests" name="runScenario" time="10.575">
    <failure type="java.lang.NullPointerException" message="Cannot invoke &amp;quot;org.openqa.selenium.WebDriver.findElement(org.openqa.selenium.By)&amp;quot; because &amp;quot;this.driver&amp;quot; is null">
      <![CDATA[java.lang.NullPointerException: Cannot invoke "org.openqa.selenium.WebDriver.findElement(org.openqa.selenium.By)" because "this.driver" is null
at Pageobjects.Offerspage.searchItem(Offerspage.java:22)
at StepDefinition.OffersPage_Stepdefinition.user_serached_for_shotname_in_offers_page(OffersPage_Stepdefinition.java:35)
at ✽.User serached for Tom shotname in offers page(file:///C:/Users/BHARGL/eclipse-workspace/GREENKART_using_Cucumber/src/test/java/Features/searchProduct.feature:7)
]]>
    </failure>
  </testcase> <!-- runScenario -->
</testsuite> <!-- Default test -->
