<?xml version="1.0" encoding="UTF-8"?>
<!-- Generated by org.testng.reporters.JUnitReportReporter -->
<testsuite hostname="INLEN8520065665" failures="0" tests="2" name="cucumber_Options.TestNGTestRunner" time="21.150" errors="2" timestamp="2024-09-18T15:17:34 IST" skipped="0">
  <testcase classname="cucumber_Options.TestNGTestRunner" name="runScenario" time="10.575">
    <error message="Cannot invoke &quot;org.openqa.selenium.WebDriver.findElement(org.openqa.selenium.By)&quot; because &quot;this.driver&quot; is null" type="java.lang.NullPointerException">
      <![CDATA[java.lang.NullPointerException: Cannot invoke "org.openqa.selenium.WebDriver.findElement(org.openqa.selenium.By)" because "this.driver" is null
at Pageobjects.Offerspage.searchItem(Offerspage.java:22)
at StepDefinition.OffersPage_Stepdefinition.user_serached_for_shotname_in_offers_page(OffersPage_Stepdefinition.java:35)
at ✽.User serached for Beet shotname in offers page(file:///C:/Users/BHARGL/eclipse-workspace/GREENKART_using_Cucumber/src/test/java/Features/searchProduct.feature:7)
]]>
    </error>
  </testcase> <!-- runScenario -->
  <testcase classname="cucumber_Options.TestNGTestRunner" name="runScenario" time="10.575">
    <error message="Cannot invoke &quot;org.openqa.selenium.WebDriver.findElement(org.openqa.selenium.By)&quot; because &quot;this.driver&quot; is null" type="java.lang.NullPointerException">
      <![CDATA[java.lang.NullPointerException: Cannot invoke "org.openqa.selenium.WebDriver.findElement(org.openqa.selenium.By)" because "this.driver" is null
at Pageobjects.Offerspage.searchItem(Offerspage.java:22)
at StepDefinition.OffersPage_Stepdefinition.user_serached_for_shotname_in_offers_page(OffersPage_Stepdefinition.java:35)
at ✽.User serached for Tom shotname in offers page(file:///C:/Users/BHARGL/eclipse-workspace/GREENKART_using_Cucumber/src/test/java/Features/searchProduct.feature:7)
]]>
    </error>
  </testcase> <!-- runScenario -->
</testsuite> <!-- cucumber_Options.TestNGTestRunner -->
